-------------------------------------------------------------------------------
Test set: com.example.demo.FirstSpringProjectApplicationTests
-------------------------------------------------------------------------------
Tests run: 1, Failures: 0, Errors: 1, Skipped: 0, Time elapsed: 0.664 s <<< FAILURE! - in com.example.demo.FirstSpringProjectApplicationTests
com.example.demo.FirstSpringProjectApplicationTests  Time elapsed: 0.661 s  <<< ERROR!
java.lang.IllegalStateException: Unable to find a @SpringBootConfiguration, you need to use @ContextConfiguration or @SpringBootTest(classes=...) with your test

