<?xml version="1.0" encoding="UTF-8"?>
<testsuite xmlns:xsi="http://www.w3.org/2001/XMLSchema-instance" xsi:noNamespaceSchemaLocation="https://maven.apache.org/surefire/maven-surefire-plugin/xsd/surefire-test-report.xsd" name="com.example.demo.FirstSpringProjectApplicationTests" time="0.664" tests="1" errors="1" skipped="0" failures="0">
  <properties>
[...]
</properties>
  <testcase name="com.example.demo.FirstSpringProjectApplicationTests" classname="com.example.demo.FirstSpringProjectApplicationTests" time="0.661">
    <error message="Unable to find a @SpringBootConfiguration, you need to use @ContextConfiguration or @SpringBootTest(classes=...) with your test" type="java.lang.IllegalStateException">java.lang.IllegalStateException: Unable to find a @SpringBootConfiguration, you need to use @ContextConfiguration or @SpringBootTest(classes=...) with your test
</error>
    <system-out><![CDATA[17:20:43.051 [main] DEBUG org.springframework.test.context.BootstrapUtils - Instantiating CacheAwareContextLoaderDelegate from class [org.springframework.test.context.cache.DefaultCacheAwareContextLoaderDelegate]
17:20:43.076 [main] DEBUG org.springframework.test.context.BootstrapUtils - Instantiating BootstrapContext using constructor [public org.springframework.test.context.support.DefaultBootstrapContext(java.lang.Class,org.springframework.test.context.CacheAwareContextLoaderDelegate)]
17:20:43.180 [main] DEBUG org.springframework.test.context.BootstrapUtils - Instantiating TestContextBootstrapper for test class [com.example.demo.FirstSpringProjectApplicationTests] from class [org.springframework.boot.test.context.SpringBootTestContextBootstrapper]
17:20:43.205 [main] INFO org.springframework.boot.test.context.SpringBootTestContextBootstrapper - Neither @ContextConfiguration nor @ContextHierarchy found for test class [com.example.demo.FirstSpringProjectApplicationTests], using SpringBootContextLoader
17:20:43.215 [main] DEBUG org.springframework.test.context.support.AbstractContextLoader - Did not detect default resource location for test class [com.example.demo.FirstSpringProjectApplicationTests]: class path resource [com/example/demo/FirstSpringProjectApplicationTests-context.xml] does not exist
17:20:43.216 [main] DEBUG org.springframework.test.context.support.AbstractContextLoader - Did not detect default resource location for test class [com.example.demo.FirstSpringProjectApplicationTests]: class path resource [com/example/demo/FirstSpringProjectApplicationTestsContext.groovy] does not exist
17:20:43.216 [main] INFO org.springframework.test.context.support.AbstractContextLoader - Could not detect default resource locations for test class [com.example.demo.FirstSpringProjectApplicationTests]: no resource found for suffixes {-context.xml, Context.groovy}.
17:20:43.217 [main] INFO org.springframework.test.context.support.AnnotationConfigContextLoaderUtils - Could not detect default configuration classes for test class [com.example.demo.FirstSpringProjectApplicationTests]: FirstSpringProjectApplicationTests does not declare any static, non-private, non-final, nested classes annotated with @Configuration.
17:20:43.357 [main] DEBUG org.springframework.test.context.support.ActiveProfilesUtils - Could not find an 'annotation declaring class' for annotation type [org.springframework.test.context.ActiveProfiles] and class [com.example.demo.FirstSpringProjectApplicationTests]
]]></system-out>
  </testcase>
</testsuite>